<?xml version="1.0" encoding="UTF-8"?>
<testng-results ignored="0" total="1" passed="1" failed="0" skipped="0">
  <reporter-output>
  </reporter-output>
  <suite started-at="2020-09-29T14:16:22Z" name="Suite" finished-at="2020-09-29T14:16:22Z" duration-ms="80">
    <groups>
    </groups>
    <test started-at="2020-09-29T14:16:22Z" name="Test" finished-at="2020-09-29T14:16:22Z" duration-ms="80">
      <class name="qaclickacademy.SeleniumTest">
        <test-method signature="Browser()[pri:0, instance:qaclickacademy.SeleniumTest@6a8658ff]" started-at="2020-09-29T14:16:22Z" name="Browser" finished-at="2020-09-29T14:16:22Z" duration-ms="21" status="PASS">
          <reporter-output>
          </reporter-output>
        </test-method> <!-- Browser -->
      </class> <!-- qaclickacademy.SeleniumTest -->
    </test> <!-- Test -->
  </suite> <!-- Suite -->
</testng-results>
